#
# A fatal error has been detected by the Java Runtime Environment:
#
#  EXCEPTION_ACCESS_VIOLATION (0xc0000005) at pc=0x00007ffb1a403a73, pid=10964, tid=6728
#
# JRE version: Java(TM) SE Runtime Environment (23.0.2+7) (build 23.0.2+7-58)
# Java VM: Java HotSpot(TM) 64-Bit Server VM (23.0.2+7-58, mixed mode, sharing, tiered, compressed oops, compressed class ptrs, g1 gc, windows-amd64)
# Problematic frame:
# C  [awt.dll+0xc3a73]
#
# No core dump will be written. Minidumps are not enabled by default on client versions of Windows
#
# If you would like to submit a bug report, please visit:
#   https://bugreport.java.com/bugreport/crash.jsp
# The crash happened outside the Java Virtual Machine in native code.
# See problematic frame for where to report the bug.
#

---------------  S U M M A R Y ------------

Command Line: --enable-preview ui.Login

Host: 13th Gen Intel(R) Core(TM) i5-1335U, 12 cores, 7G,  Windows 11 , 64 bit Build 26100 (10.0.26100.3037)
Time: Thu Feb 20 12:37:11 2025 Türkiye Standart Saati elapsed time: 7548.277594 seconds (0d 2h 5m 48s)

---------------  T H R E A D  ---------------

Current thread (0x000001a785004350):  JavaThread "AWT-Windows" daemon [_thread_in_native, id=6728, stack(0x0000002617000000,0x0000002617100000) (1024K)]

Stack: [0x0000002617000000,0x0000002617100000],  sp=0x00000026170fec28,  free space=1019k
Native frames: (J=compiled Java code, j=interpreted, Vv=VM code, C=native code)
C  [awt.dll+0xc3a73]  (no source info available)

Java frames: (J=compiled Java code, j=interpreted, Vv=VM code)
j  sun.awt.windows.WToolkit.eventLoop()V+0 java.desktop@23.0.2
j  sun.awt.windows.WToolkit.run()V+50 java.desktop@23.0.2
j  java.lang.Thread.runWith(Ljava/lang/Object;Ljava/lang/Runnable;)V+5 java.base@23.0.2
j  java.lang.Thread.run()V+19 java.base@23.0.2
v  ~StubRoutines::call_stub 0x000001a732520fcd

siginfo: EXCEPTION_ACCESS_VIOLATION (0xc0000005), reading address 0xffffffffffffffff


Registers:
RAX=0xffffffffd1010d81, RBX=0x000001a787d8a4c0, RCX=0x4c28002939d80001, RDX=0xffffffffd1010d81
RSP=0x00000026170fec28, RBP=0x00000026170fed39, RSI=0xffffffffd1010d81, RDI=0x0000000000000000
R8 =0x0000000000000001, R9 =0x00000026157c8000, R10=0x0000000000000000, R11=0x0000000000000246
R12=0x0000000000000000, R13=0x0000000000000310, R14=0x0000000000000000, R15=0x0000000000000000
RIP=0x00007ffb1a403a73, EFLAGS=0x0000000000010202


Register to memory mapping:

RAX=0xffffffffd1010d81 is an unknown value
RBX=0x000001a787d8a4c0 points into unknown readable memory: 0x000001a786ffe310 | 10 e3 ff 86 a7 01 00 00
RCX=0x4c28002939d80001 is an unknown value
RDX=0xffffffffd1010d81 is an unknown value
RSP=0x00000026170fec28 is pointing into the stack for thread: 0x000001a785004350
RBP=0x00000026170fed39 is pointing into the stack for thread: 0x000001a785004350
RSI=0xffffffffd1010d81 is an unknown value
RDI=0x0 is null
R8 =0x0000000000000001 is an unknown value
R9 =0x00000026157c8000 points into unknown readable memory: 0x0000000000000000 | 00 00 00 00 00 00 00 00
R10=0x0 is null
R11=0x0000000000000246 is an unknown value
R12=0x0 is null
R13=0x0000000000000310 is an unknown value
R14=0x0 is null
R15=0x0 is null

Top of Stack: (sp=0x00000026170fec28)
0x00000026170fec28:   00007ffb1a41be02 00007ffb1a479838
0x00000026170fec38:   ffffffffd1010d81 0000000000000000
0x00000026170fec48:   0000000000000000 0000000000000000
0x00000026170fec58:   00007ffb1a3d782c ffffffffd1010d81
0x00000026170fec68:   000001a7873da100 000001a787d8a4c0
0x00000026170fec78:   00000026170fefa8 0000000000000000
0x00000026170fec88:   00007ffb1a3d78d6 000001a7873da100
0x00000026170fec98:   00007ffb1a340000 00000026170fed98
0x00000026170feca8:   00007ffb80b94b38 0000000000000000
0x00000026170fecb8:   00007ffb1a3d4ca6 000001a7873da100
0x00000026170fecc8:   0000000000000000 00007ffb1a3d7db0
0x00000026170fecd8:   00007ffb9a4a349e 00007ffb1a8ab690
0x00000026170fece8:   00007ffb99e9a959 00000026170fed90
0x00000026170fecf8:   0000000000000001 0000000000000000
0x00000026170fed08:   00000026170fed98 0000000000000000
0x00000026170fed18:   0000000000000000 0000000000000000
0x00000026170fed28:   000001a785004710 000001a7873da1a0
0x00000026170fed38:   0000000000000000 0000000000000000
0x00000026170fed48:   000097f7d9e6fa28 0000000000000000
0x00000026170fed58:   0000000000000000 0000000000000000
0x00000026170fed68:   0000000000000000 0000000000000000
0x00000026170fed78:   0000000000000310 0000000000000000
0x00000026170fed88:   000001a7873da100 000001a7873da100
0x00000026170fed98:   00007ffb1a420f7c 0000000000000000
0x00000026170feda8:   0000068f6fa4eab6 0000b02505b82404
0x00000026170fedb8:   0000000000000022 0000000000000001
0x00000026170fedc8:   0000000000000000 0000000000000000
0x00000026170fedd8:   00007ffb99e754d2 0000000000000000
0x00000026170fede8:   000000000000c1af 0000000000000022
0x00000026170fedf8:   00007ffb9a4528ef 00000000000a024e
0x00000026170fee08:   00007ffb99e7608a ffffffffffffffeb
0x00000026170fee18:   000097f7d9e6fb48 000001a720b601b0 

Instructions: (pc=0x00007ffb1a403a73)
0x00007ffb1a403973:   00 00 0f 11 40 80 0f 10 41 a0 0f 11 48 90 0f 10
0x00007ffb1a403983:   49 b0 0f 11 40 a0 0f 10 41 c0 0f 11 48 b0 0f 10
0x00007ffb1a403993:   49 d0 0f 11 40 c0 0f 10 41 e0 0f 11 48 d0 0f 10
0x00007ffb1a4039a3:   49 f0 0f 11 40 e0 0f 11 48 f0 48 83 ea 01 75 ad
0x00007ffb1a4039b3:   0f 10 01 0f 10 49 10 0f 11 00 0f 10 41 20 0f 11
0x00007ffb1a4039c3:   48 10 0f 11 40 20 49 8b ce 41 c7 06 00 03 00 01
0x00007ffb1a4039d3:   bb 00 01 00 00 ff 15 fa eb 07 00 4c 8b c6 48 89
0x00007ffb1a4039e3:   86 08 0c 00 00 4c 2b c7 48 8d 57 02 90 0f b6 42
0x00007ffb1a4039f3:   ff 0f b6 4a fe 48 8d 52 04 c1 e1 08 0b c8 0f b6
0x00007ffb1a403a03:   42 fc c1 e1 08 0b c8 81 c9 00 00 00 ff 41 89 4c
0x00007ffb1a403a13:   10 fa 48 83 eb 01 75 d5 49 8b ce e8 d5 7c 02 00
0x00007ffb1a403a23:   48 8b 5c 24 30 48 8b c6 48 8b 74 24 38 48 8b 7c
0x00007ffb1a403a33:   24 40 48 83 c4 20 41 5e c3 cc cc cc cc 48 83 b9
0x00007ffb1a403a43:   08 0c 00 00 00 74 1c 83 3d 7b 05 08 00 00 75 09
0x00007ffb1a403a53:   83 3d 7e 26 08 00 00 74 0a 48 8b ca 48 ff 25 8a
0x00007ffb1a403a63:   eb 07 00 c3 cc cc cc cc cc cc cc cc cc 48 8b c2
0x00007ffb1a403a73:   48 8b 91 08 0c 00 00 48 85 d2 74 0d 45 33 c0 48
0x00007ffb1a403a83:   8b c8 48 ff 25 6c eb 07 00 33 c0 c3 cc 48 89 5c
0x00007ffb1a403a93:   24 10 48 89 6c 24 18 48 89 74 24 20 57 41 54 41
0x00007ffb1a403aa3:   55 41 56 41 57 48 81 ec 30 05 00 00 48 8b 05 22
0x00007ffb1a403ab3:   de 07 00 48 33 c4 48 89 84 24 20 05 00 00 48 8b
0x00007ffb1a403ac3:   f9 48 8b 89 10 0c 00 00 e8 e0 75 01 00 48 8b f0
0x00007ffb1a403ad3:   48 85 c0 0f 84 61 03 00 00 ba 0c 00 00 00 48 8b
0x00007ffb1a403ae3:   c8 ff 15 06 ea 07 00 48 8b 8f 10 0c 00 00 48 8b
0x00007ffb1a403af3:   d6 8b d8 e8 e5 7d 01 00 83 fb 08 0f 85 39 03 00
0x00007ffb1a403b03:   00 48 8b 8f 10 0c 00 00 e8 a0 75 01 00 41 bd 00
0x00007ffb1a403b13:   01 00 00 4c 8d 4c 24 20 45 8b c5 33 d2 48 8b c8
0x00007ffb1a403b23:   48 8b e8 ff 15 84 eb 07 00 45 33 e4 8b f0 85 c0
0x00007ffb1a403b33:   0f 8f e9 00 00 00 b9 08 04 00 00 e8 bd 7b 02 00
0x00007ffb1a403b43:   48 8b d8 48 85 c0 75 08 41 8b f4 e9 cf 00 00 00
0x00007ffb1a403b53:   c7 00 00 03 00 01 41 8b cc 48 83 c0 05 88 48 ff
0x00007ffb1a403b63:   ff c1 66 44 89 20 c6 40 02 02 48 8d 40 04 41 3b 


Stack slot to memory mapping:

stack at sp + 0 slots: 0x00007ffb1a41be02 awt.dll
stack at sp + 1 slots: 0x00007ffb1a479838 awt.dll
stack at sp + 2 slots: 0xffffffffd1010d81 is an unknown value
stack at sp + 3 slots: 0x0 is null
stack at sp + 4 slots: 0x0 is null
stack at sp + 5 slots: 0x0 is null
stack at sp + 6 slots: 0x00007ffb1a3d782c awt.dll
stack at sp + 7 slots: 0xffffffffd1010d81 is an unknown value

Lock stack of current Java thread (top to bottom):


---------------  P R O C E S S  ---------------

Threads class SMR info:
_java_thread_list=0x000001a73fc371b0, length=17, elements={
0x000001a73f8174e0, 0x000001a73f817f40, 0x000001a73f8189a0, 0x000001a73f819400,
0x000001a73f819e60, 0x000001a73f81c8d0, 0x000001a73f81d660, 0x000001a73f81e240,
0x000001a73f9f3390, 0x000001a73f9febe0, 0x000001a78501a030, 0x000001a78501cac0,
0x000001a785004350, 0x000001a78507e020, 0x000001a7228af800, 0x000001a7856de610,
0x000001a7851ccce0
}

Java Threads: ( => current thread )
  0x000001a73f8174e0 JavaThread "Reference Handler"          daemon [_thread_blocked, id=3572, stack(0x0000002616300000,0x0000002616400000) (1024K)]
  0x000001a73f817f40 JavaThread "Finalizer"                  daemon [_thread_blocked, id=8756, stack(0x0000002616400000,0x0000002616500000) (1024K)]
  0x000001a73f8189a0 JavaThread "Signal Dispatcher"          daemon [_thread_blocked, id=7032, stack(0x0000002616500000,0x0000002616600000) (1024K)]
  0x000001a73f819400 JavaThread "Attach Listener"            daemon [_thread_blocked, id=5864, stack(0x0000002616600000,0x0000002616700000) (1024K)]
  0x000001a73f819e60 JavaThread "Service Thread"             daemon [_thread_blocked, id=8968, stack(0x0000002616700000,0x0000002616800000) (1024K)]
  0x000001a73f81c8d0 JavaThread "Monitor Deflation Thread"   daemon [_thread_blocked, id=10520, stack(0x0000002616800000,0x0000002616900000) (1024K)]
  0x000001a73f81d660 JavaThread "C2 CompilerThread0"         daemon [_thread_blocked, id=7036, stack(0x0000002616900000,0x0000002616a00000) (1024K)]
  0x000001a73f81e240 JavaThread "C1 CompilerThread0"         daemon [_thread_blocked, id=3484, stack(0x0000002616a00000,0x0000002616b00000) (1024K)]
  0x000001a73f9f3390 JavaThread "Notification Thread"        daemon [_thread_blocked, id=15140, stack(0x0000002616b00000,0x0000002616c00000) (1024K)]
  0x000001a73f9febe0 JavaThread "Common-Cleaner"             daemon [_thread_blocked, id=9400, stack(0x0000002616c00000,0x0000002616d00000) (1024K)]
  0x000001a78501a030 JavaThread "Java2D Disposer"            daemon [_thread_blocked, id=4852, stack(0x0000002616e00000,0x0000002616f00000) (1024K)]
  0x000001a78501cac0 JavaThread "AWT-Shutdown"                      [_thread_blocked, id=10020, stack(0x0000002616f00000,0x0000002617000000) (1024K)]
=>0x000001a785004350 JavaThread "AWT-Windows"                daemon [_thread_in_native, id=6728, stack(0x0000002617000000,0x0000002617100000) (1024K)]
  0x000001a78507e020 JavaThread "AWT-EventQueue-0"                  [_thread_blocked, id=14424, stack(0x0000002617100000,0x0000002617200000) (1024K)]
  0x000001a7228af800 JavaThread "DestroyJavaVM"                     [_thread_blocked, id=11140, stack(0x0000002615b00000,0x0000002615c00000) (1024K)]
  0x000001a7856de610 JavaThread "TimerQueue"                 daemon [_thread_blocked, id=1556, stack(0x0000002617500000,0x0000002617600000) (1024K)]
  0x000001a7851ccce0 JavaThread "mysql-cj-abandoned-connection-cleanup" daemon [_thread_blocked, id=4728, stack(0x0000002617e00000,0x0000002617f00000) (1024K)]
Total: 17

Other Threads:
  0x000001a73f7faaf0 VMThread "VM Thread"                           [id=13028, stack(0x0000002616200000,0x0000002616300000) (1024K)]
  0x000001a73f7e5250 WatcherThread "VM Periodic Task Thread"        [id=3884, stack(0x0000002616100000,0x0000002616200000) (1024K)]
  0x000001a7229053a0 WorkerThread "GC Thread#0"                     [id=15260, stack(0x0000002615c00000,0x0000002615d00000) (1024K)]
  0x000001a73f91d570 WorkerThread "GC Thread#1"                     [id=3224, stack(0x0000002616d00000,0x0000002616e00000) (1024K)]
  0x000001a7852d1da0 WorkerThread "GC Thread#2"                     [id=2356, stack(0x0000002617600000,0x0000002617700000) (1024K)]
  0x000001a7852d2150 WorkerThread "GC Thread#3"                     [id=11892, stack(0x0000002617700000,0x0000002617800000) (1024K)]
  0x000001a7852d2500 WorkerThread "GC Thread#4"                     [id=12104, stack(0x0000002617800000,0x0000002617900000) (1024K)]
  0x000001a785243270 WorkerThread "GC Thread#5"                     [id=8752, stack(0x0000002617900000,0x0000002617a00000) (1024K)]
  0x000001a785460810 WorkerThread "GC Thread#6"                     [id=2072, stack(0x0000002617a00000,0x0000002617b00000) (1024K)]
  0x000001a785460bc0 WorkerThread "GC Thread#7"                     [id=2080, stack(0x0000002617b00000,0x0000002617c00000) (1024K)]
  0x000001a785460f70 WorkerThread "GC Thread#8"                     [id=2256, stack(0x0000002617c00000,0x0000002617d00000) (1024K)]
  0x000001a786ec2e90 WorkerThread "GC Thread#9"                     [id=16164, stack(0x0000002617d00000,0x0000002617e00000) (1024K)]
  0x000001a722936790 ConcurrentGCThread "G1 Main Marker"            [id=11168, stack(0x0000002615d00000,0x0000002615e00000) (1024K)]
  0x000001a722938150 WorkerThread "G1 Conc#0"                       [id=11088, stack(0x0000002615e00000,0x0000002615f00000) (1024K)]
  0x000001a786ec1c20 WorkerThread "G1 Conc#1"                       [id=16168, stack(0x0000002617f00000,0x0000002618000000) (1024K)]
  0x000001a786ec2380 WorkerThread "G1 Conc#2"                       [id=16172, stack(0x0000002618000000,0x0000002618100000) (1024K)]
  0x000001a73f6b07e0 ConcurrentGCThread "G1 Refine#0"               [id=9252, stack(0x0000002615f00000,0x0000002616000000) (1024K)]
  0x000001a73f6b1200 ConcurrentGCThread "G1 Service"                [id=9836, stack(0x0000002616000000,0x0000002616100000) (1024K)]
Total: 18

Threads with active compile tasks:
Total: 0

VM state: not at safepoint (normal execution)

VM Mutex/Monitor currently owned by a thread: None

Heap address: 0x0000000085c00000, size: 1956 MB, Compressed Oops mode: 32-bit

CDS archive(s) mapped at: [0x000001a740000000-0x000001a740d70000-0x000001a740d70000), size 14090240, SharedBaseAddress: 0x000001a740000000, ArchiveRelocationMode: 1.
Compressed class space mapped at: 0x000001a741000000-0x000001a781000000, reserved size: 1073741824
Narrow klass base: 0x000001a740000000, Narrow klass shift: 0, Narrow klass range: 0x41000000

GC Precious Log:
 CardTable entry size: 512
 Card Set container configuration: InlinePtr #cards 5 size 8 Array Of Cards #cards 10 size 36 Howl #buckets 4 coarsen threshold 1843 Howl Bitmap #cards 512 size 80 coarsen threshold 460 Card regions per heap region 1 cards per card region 2048
 CPUs: 12 total, 12 available
 Memory: 7817M
 Large Page Support: Disabled
 NUMA Support: Disabled
 Compressed Oops: Enabled (32-bit)
 Heap Region Size: 1M
 Heap Min Capacity: 8M
 Heap Initial Capacity: 124M
 Heap Max Capacity: 1956M
 Pre-touch: Disabled
 Parallel Workers: 10
 Concurrent Workers: 3
 Concurrent Refinement Workers: 10
 Periodic GC: Disabled

Heap:
 garbage-first heap   total reserved 2002944K, committed 55296K, used 34547K [0x0000000085c00000, 0x0000000100000000)
  region size 1024K, 4 young (4096K), 2 survivors (2048K)
 Metaspace       used 29419K, committed 29632K, reserved 1114112K
  class space    used 2934K, committed 3072K, reserved 1048576K

Heap Regions: E=young(eden), S=young(survivor), O=old, HS=humongous(starts), HC=humongous(continues), CS=collection set, F=free, TAMS=top-at-mark-start, PB=parsable bottom
|   0|0x0000000085c00000, 0x0000000085d00000, 0x0000000085d00000|100%|HS|  |TAMS 0x0000000085c00000| PB 0x0000000085c00000| Complete |  0
|   1|0x0000000085d00000, 0x0000000085e00000, 0x0000000085e00000|100%| O|  |TAMS 0x0000000085d00000| PB 0x0000000085d00000| Untracked |  0
|   2|0x0000000085e00000, 0x0000000085f00000, 0x0000000085f00000|100%| O|  |TAMS 0x0000000085e00000| PB 0x0000000085e00000| Untracked |  0
|   3|0x0000000085f00000, 0x0000000086000000, 0x0000000086000000|100%| O|  |TAMS 0x0000000085f00000| PB 0x0000000085f00000| Untracked |  0
|   4|0x0000000086000000, 0x0000000086100000, 0x0000000086100000|100%| O|Cm|TAMS 0x0000000086000000| PB 0x0000000086000000| Complete |  0
|   5|0x0000000086100000, 0x0000000086200000, 0x0000000086200000|100%| O|  |TAMS 0x0000000086100000| PB 0x0000000086100000| Untracked |  0
|   6|0x0000000086200000, 0x0000000086300000, 0x0000000086300000|100%| O|  |TAMS 0x0000000086200000| PB 0x0000000086200000| Untracked |  0
|   7|0x0000000086300000, 0x0000000086400000, 0x0000000086400000|100%| O|  |TAMS 0x0000000086300000| PB 0x0000000086300000| Untracked |  0
|   8|0x0000000086400000, 0x0000000086500000, 0x0000000086500000|100%| O|  |TAMS 0x0000000086400000| PB 0x0000000086400000| Untracked |  0
|   9|0x0000000086500000, 0x0000000086600000, 0x0000000086600000|100%| O|  |TAMS 0x0000000086500000| PB 0x0000000086500000| Untracked |  0
|  10|0x0000000086600000, 0x0000000086600000, 0x0000000086700000|  0%| F|  |TAMS 0x0000000086600000| PB 0x0000000086600000| Untracked |  0
|  11|0x0000000086700000, 0x0000000086800000, 0x0000000086800000|100%| O|  |TAMS 0x0000000086700000| PB 0x0000000086700000| Untracked |  0
|  12|0x0000000086800000, 0x0000000086900000, 0x0000000086900000|100%| O|  |TAMS 0x0000000086800000| PB 0x0000000086800000| Untracked |  0
|  13|0x0000000086900000, 0x0000000086a00000, 0x0000000086a00000|100%| O|  |TAMS 0x0000000086900000| PB 0x0000000086900000| Untracked |  0
|  14|0x0000000086a00000, 0x0000000086b00000, 0x0000000086b00000|100%| O|  |TAMS 0x0000000086a00000| PB 0x0000000086a00000| Untracked |  0
|  15|0x0000000086b00000, 0x0000000086c00000, 0x0000000086c00000|100%| O|  |TAMS 0x0000000086b00000| PB 0x0000000086b00000| Untracked |  0
|  16|0x0000000086c00000, 0x0000000086d00000, 0x0000000086d00000|100%| O|  |TAMS 0x0000000086c00000| PB 0x0000000086c00000| Untracked |  0
|  17|0x0000000086d00000, 0x0000000086e00000, 0x0000000086e00000|100%| O|  |TAMS 0x0000000086d00000| PB 0x0000000086d00000| Untracked |  0
|  18|0x0000000086e00000, 0x0000000086f00000, 0x0000000086f00000|100%|HS|  |TAMS 0x0000000086e00000| PB 0x0000000086e00000| Complete |  0
|  19|0x0000000086f00000, 0x0000000087000000, 0x0000000087000000|100%|HC|  |TAMS 0x0000000086f00000| PB 0x0000000086f00000| Complete |  0
|  20|0x0000000087000000, 0x0000000087100000, 0x0000000087100000|100%|HC|  |TAMS 0x0000000087000000| PB 0x0000000087000000| Complete |  0
|  21|0x0000000087100000, 0x0000000087200000, 0x0000000087200000|100%|HC|  |TAMS 0x0000000087100000| PB 0x0000000087100000| Complete |  0
|  22|0x0000000087200000, 0x0000000087300000, 0x0000000087300000|100%|HC|  |TAMS 0x0000000087200000| PB 0x0000000087200000| Complete |  0
|  23|0x0000000087300000, 0x0000000087400000, 0x0000000087400000|100%|HC|  |TAMS 0x0000000087300000| PB 0x0000000087300000| Complete |  0
|  24|0x0000000087400000, 0x0000000087500000, 0x0000000087500000|100%|HC|  |TAMS 0x0000000087400000| PB 0x0000000087400000| Complete |  0
|  25|0x0000000087500000, 0x0000000087599560, 0x0000000087600000| 59%| O|  |TAMS 0x0000000087500000| PB 0x0000000087500000| Untracked |  0
|  26|0x0000000087600000, 0x0000000087700000, 0x0000000087700000|100%|HS|  |TAMS 0x0000000087600000| PB 0x0000000087600000| Complete |  0
|  27|0x0000000087700000, 0x0000000087800000, 0x0000000087800000|100%|HC|  |TAMS 0x0000000087700000| PB 0x0000000087700000| Complete |  0
|  28|0x0000000087800000, 0x0000000087900000, 0x0000000087900000|100%|HC|  |TAMS 0x0000000087800000| PB 0x0000000087800000| Complete |  0
|  29|0x0000000087900000, 0x0000000087a00000, 0x0000000087a00000|100%|HC|  |TAMS 0x0000000087900000| PB 0x0000000087900000| Complete |  0
|  30|0x0000000087a00000, 0x0000000087b00000, 0x0000000087b00000|100%|HC|  |TAMS 0x0000000087a00000| PB 0x0000000087a00000| Complete |  0
|  31|0x0000000087b00000, 0x0000000087c00000, 0x0000000087c00000|100%|HS|  |TAMS 0x0000000087b00000| PB 0x0000000087b00000| Complete |  0
|  32|0x0000000087c00000, 0x0000000087d00000, 0x0000000087d00000|100%|HC|  |TAMS 0x0000000087c00000| PB 0x0000000087c00000| Complete |  0
|  33|0x0000000087d00000, 0x0000000087d00000, 0x0000000087e00000|  0%| F|  |TAMS 0x0000000087d00000| PB 0x0000000087d00000| Untracked |  0
|  34|0x0000000087e00000, 0x0000000087e00000, 0x0000000087f00000|  0%| F|  |TAMS 0x0000000087e00000| PB 0x0000000087e00000| Untracked |  0
|  35|0x0000000087f00000, 0x0000000087f00000, 0x0000000088000000|  0%| F|  |TAMS 0x0000000087f00000| PB 0x0000000087f00000| Untracked |  0
|  36|0x0000000088000000, 0x0000000088000000, 0x0000000088100000|  0%| F|  |TAMS 0x0000000088000000| PB 0x0000000088000000| Untracked |  0
|  37|0x0000000088100000, 0x0000000088100000, 0x0000000088200000|  0%| F|  |TAMS 0x0000000088100000| PB 0x0000000088100000| Untracked |  0
|  38|0x0000000088200000, 0x0000000088200000, 0x0000000088300000|  0%| F|  |TAMS 0x0000000088200000| PB 0x0000000088200000| Untracked |  0
|  39|0x0000000088300000, 0x0000000088300000, 0x0000000088400000|  0%| F|  |TAMS 0x0000000088300000| PB 0x0000000088300000| Untracked |  0
|  40|0x0000000088400000, 0x0000000088400000, 0x0000000088500000|  0%| F|  |TAMS 0x0000000088400000| PB 0x0000000088400000| Untracked |  0
|  41|0x0000000088500000, 0x0000000088500000, 0x0000000088600000|  0%| F|  |TAMS 0x0000000088500000| PB 0x0000000088500000| Untracked |  0
|  42|0x0000000088600000, 0x0000000088600000, 0x0000000088700000|  0%| F|  |TAMS 0x0000000088600000| PB 0x0000000088600000| Untracked |  0
|  43|0x0000000088700000, 0x0000000088700000, 0x0000000088800000|  0%| F|  |TAMS 0x0000000088700000| PB 0x0000000088700000| Untracked |  0
|  44|0x0000000088800000, 0x0000000088800000, 0x0000000088900000|  0%| F|  |TAMS 0x0000000088800000| PB 0x0000000088800000| Untracked |  0
|  45|0x0000000088900000, 0x0000000088900000, 0x0000000088a00000|  0%| F|  |TAMS 0x0000000088900000| PB 0x0000000088900000| Untracked |  0
| 101|0x000000008c100000, 0x000000008c100000, 0x000000008c200000|  0%| F|  |TAMS 0x000000008c100000| PB 0x000000008c100000| Untracked |  0
| 102|0x000000008c200000, 0x000000008c200000, 0x000000008c300000|  0%| F|  |TAMS 0x000000008c200000| PB 0x000000008c200000| Untracked |  0
| 103|0x000000008c300000, 0x000000008c300000, 0x000000008c400000|  0%| F|  |TAMS 0x000000008c300000| PB 0x000000008c300000| Untracked |  0
| 122|0x000000008d600000, 0x000000008d623a80, 0x000000008d700000| 13%| S|CS|TAMS 0x000000008d600000| PB 0x000000008d600000| Complete |  0
| 123|0x000000008d700000, 0x000000008d800000, 0x000000008d800000|100%| S|CS|TAMS 0x000000008d700000| PB 0x000000008d700000| Complete |  0
|1953|0x00000000ffd00000, 0x00000000ffd00000, 0x00000000ffe00000|  0%| F|  |TAMS 0x00000000ffd00000| PB 0x00000000ffd00000| Untracked |  0
|1954|0x00000000ffe00000, 0x00000000ffe60678, 0x00000000fff00000| 37%| E|  |TAMS 0x00000000ffe00000| PB 0x00000000ffe00000| Complete |  0
|1955|0x00000000fff00000, 0x0000000100000000, 0x0000000100000000|100%| E|CS|TAMS 0x00000000fff00000| PB 0x00000000fff00000| Complete |  0

Card table byte_map: [0x000001a73a920000,0x000001a73ad00000] _byte_map_base: 0x000001a73a4f2000

Marking Bits: (CMBitMap*) 0x000001a722905ab0
 Bits: [0x000001a73ad00000, 0x000001a73cb90000)

Polling page: 0x000001a720740000

Metaspace:

Usage:
  Non-class:     25.86 MB used.
      Class:      2.87 MB used.
       Both:     28.73 MB used.

Virtual space:
  Non-class space:       64.00 MB reserved,      25.94 MB ( 41%) committed,  1 nodes.
      Class space:        1.00 GB reserved,       3.00 MB ( <1%) committed,  1 nodes.
             Both:        1.06 GB reserved,      28.94 MB (  3%) committed. 

Chunk freelists:
   Non-Class:  6.02 MB
       Class:  13.04 MB
        Both:  19.06 MB

MaxMetaspaceSize: unlimited
CompressedClassSpaceSize: 1.00 GB
Initial GC threshold: 21.00 MB
Current GC threshold: 48.25 MB
CDS: on
 - commit_granule_bytes: 65536.
 - commit_granule_words: 8192.
 - virtual_space_node_default_size: 8388608.
 - enlarge_chunks_in_place: 1.
 - use_allocation_guard: 0.


Internal statistics:

num_allocs_failed_limit: 3.
num_arena_births: 252.
num_arena_deaths: 100.
num_vsnodes_births: 2.
num_vsnodes_deaths: 0.
num_space_committed: 463.
num_space_uncommitted: 0.
num_chunks_returned_to_freelist: 119.
num_chunks_taken_from_freelist: 593.
num_chunk_merges: 21.
num_chunk_splits: 330.
num_chunks_enlarged: 203.
num_inconsistent_stats: 0.

CodeHeap 'non-profiled nmethods': size=120064Kb used=5545Kb max_used=5545Kb free=114518Kb
 bounds [0x000001a732ab0000, 0x000001a733020000, 0x000001a739ff0000]
CodeHeap 'profiled nmethods': size=120000Kb used=9626Kb max_used=9626Kb free=110374Kb
 bounds [0x000001a72aff0000, 0x000001a72b960000, 0x000001a732520000]
CodeHeap 'non-nmethods': size=5696Kb used=1819Kb max_used=1866Kb free=3876Kb
 bounds [0x000001a732520000, 0x000001a732790000, 0x000001a732ab0000]
CodeCache: size=245760Kb, used=16990Kb, max_used=17037Kb, free=228768Kb
 total_blobs=7217, nmethods=6370, adapters=751, full_count=0
Compilation: enabled, stopped_count=0, restarted_count=0

Compilation events (20 events):
Event: 7548.158 Thread 0x000001a73f81e240 nmethod 10345 0x000001a733018688 code [0x000001a7330187a0, 0x000001a733018868]
Event: 7548.158 Thread 0x000001a787900bc0 nmethod 10346 0x000001a733018988 code [0x000001a733018aa0, 0x000001a733018b50]
Event: 7548.159 Thread 0x000001a73f81e240 10347   !   3       sun.font.FileFont::getGlyphMetrics (32 bytes)
Event: 7548.160 Thread 0x000001a73f81e240 nmethod 10347 0x000001a72b950a88 code [0x000001a72b950c80, 0x000001a72b951a50]
Event: 7548.180 Thread 0x000001a73f81d660 10348       4       sun.awt.AWTAccessor::getInputEventAccessor (19 bytes)
Event: 7548.180 Thread 0x000001a787900bc0 10349       4       java.awt.event.InputEvent$1::setCanAccessSystemClipboard (6 bytes)
Event: 7548.181 Thread 0x000001a787900bc0 nmethod 10349 0x000001a733018c88 code [0x000001a733018d80, 0x000001a733018e18]
Event: 7548.181 Thread 0x000001a73f81d660 nmethod 10348 0x000001a733018f88 code [0x000001a733019080, 0x000001a733019118]
Event: 7548.181 Thread 0x000001a787900bc0 10350       4       sun.awt.image.BufImgSurfaceData::getBounds (22 bytes)
Event: 7548.181 Thread 0x000001a73f81d660 10351       4       java.awt.geom.RoundRectIterator::next (11 bytes)
Event: 7548.181 Thread 0x000001a73f81d660 nmethod 10351 0x000001a733019288 code [0x000001a733019380, 0x000001a7330193f8]
Event: 7548.182 Thread 0x000001a787900bc0 nmethod 10350 0x000001a733019588 code [0x000001a7330196a0, 0x000001a7330197c0]
Event: 7548.243 Thread 0x000001a73f81e240 10352       3       java.util.WeakHashMap$KeyIterator::next (8 bytes)
Event: 7548.244 Thread 0x000001a73f81e240 nmethod 10352 0x000001a72b951a88 code [0x000001a72b951bc0, 0x000001a72b951f58]
Event: 7548.244 Thread 0x000001a73f81e240 10355       1       sun.awt.image.SunVolatileImage::getGraphicsConfig (5 bytes)
Event: 7548.244 Thread 0x000001a73f81e240 nmethod 10355 0x000001a733019888 code [0x000001a7330199a0, 0x000001a733019a68]
Event: 7548.244 Thread 0x000001a73f81e240 10353       3       java.util.WeakHashMap$HashIterator::nextEntry (81 bytes)
Event: 7548.245 Thread 0x000001a73f81e240 nmethod 10353 0x000001a72b952008 code [0x000001a72b952180, 0x000001a72b952690]
Event: 7548.245 Thread 0x000001a73f81e240 10354       3       sun.awt.PeerEvent::<init> (10 bytes)
Event: 7548.245 Thread 0x000001a73f81e240 nmethod 10354 0x000001a72b952708 code [0x000001a72b952820, 0x000001a72b952970]

GC Heap History (20 events):
Event: 4640.296 GC heap before
{Heap before GC invocations=130 (full 0):
 garbage-first heap   total reserved 2002944K, committed 51200K, used 45118K [0x0000000085c00000, 0x0000000100000000)
  region size 1024K, 21 young (21504K), 2 survivors (2048K)
 Metaspace       used 29163K, committed 29440K, reserved 1114112K
  class space    used 2913K, committed 3072K, reserved 1048576K
}
Event: 4640.298 GC heap after
{Heap after GC invocations=131 (full 0):
 garbage-first heap   total reserved 2002944K, committed 51200K, used 25658K [0x0000000085c00000, 0x0000000100000000)
  region size 1024K, 2 young (2048K), 2 survivors (2048K)
 Metaspace       used 29163K, committed 29440K, reserved 1114112K
  class space    used 2913K, committed 3072K, reserved 1048576K
}
Event: 4725.640 GC heap before
{Heap before GC invocations=132 (full 0):
 garbage-first heap   total reserved 2002944K, committed 51200K, used 45114K [0x0000000085c00000, 0x0000000100000000)
  region size 1024K, 21 young (21504K), 2 survivors (2048K)
 Metaspace       used 29167K, committed 29440K, reserved 1114112K
  class space    used 2913K, committed 3072K, reserved 1048576K
}
Event: 4725.645 GC heap after
{Heap after GC invocations=133 (full 0):
 garbage-first heap   total reserved 2002944K, committed 51200K, used 25721K [0x0000000085c00000, 0x0000000100000000)
  region size 1024K, 2 young (2048K), 2 survivors (2048K)
 Metaspace       used 29167K, committed 29440K, reserved 1114112K
  class space    used 2913K, committed 3072K, reserved 1048576K
}
Event: 4826.935 GC heap before
{Heap before GC invocations=133 (full 0):
 garbage-first heap   total reserved 2002944K, committed 51200K, used 45177K [0x0000000085c00000, 0x0000000100000000)
  region size 1024K, 21 young (21504K), 2 survivors (2048K)
 Metaspace       used 29167K, committed 29440K, reserved 1114112K
  class space    used 2913K, committed 3072K, reserved 1048576K
}
Event: 4826.941 GC heap after
{Heap after GC invocations=134 (full 0):
 garbage-first heap   total reserved 2002944K, committed 51200K, used 25759K [0x0000000085c00000, 0x0000000100000000)
  region size 1024K, 2 young (2048K), 2 survivors (2048K)
 Metaspace       used 29167K, committed 29440K, reserved 1114112K
  class space    used 2913K, committed 3072K, reserved 1048576K
}
Event: 4928.138 GC heap before
{Heap before GC invocations=135 (full 0):
 garbage-first heap   total reserved 2002944K, committed 51200K, used 45215K [0x0000000085c00000, 0x0000000100000000)
  region size 1024K, 21 young (21504K), 2 survivors (2048K)
 Metaspace       used 29167K, committed 29440K, reserved 1114112K
  class space    used 2913K, committed 3072K, reserved 1048576K
}
Event: 4928.145 GC heap after
{Heap after GC invocations=136 (full 0):
 garbage-first heap   total reserved 2002944K, committed 51200K, used 25819K [0x0000000085c00000, 0x0000000100000000)
  region size 1024K, 2 young (2048K), 2 survivors (2048K)
 Metaspace       used 29167K, committed 29440K, reserved 1114112K
  class space    used 2913K, committed 3072K, reserved 1048576K
}
Event: 5029.837 GC heap before
{Heap before GC invocations=136 (full 0):
 garbage-first heap   total reserved 2002944K, committed 51200K, used 45275K [0x0000000085c00000, 0x0000000100000000)
  region size 1024K, 21 young (21504K), 2 survivors (2048K)
 Metaspace       used 29168K, committed 29440K, reserved 1114112K
  class space    used 2913K, committed 3072K, reserved 1048576K
}
Event: 5029.841 GC heap after
{Heap after GC invocations=137 (full 0):
 garbage-first heap   total reserved 2002944K, committed 51200K, used 25813K [0x0000000085c00000, 0x0000000100000000)
  region size 1024K, 2 young (2048K), 2 survivors (2048K)
 Metaspace       used 29168K, committed 29440K, reserved 1114112K
  class space    used 2913K, committed 3072K, reserved 1048576K
}
Event: 5118.590 GC heap before
{Heap before GC invocations=138 (full 0):
 garbage-first heap   total reserved 2002944K, committed 51200K, used 45269K [0x0000000085c00000, 0x0000000100000000)
  region size 1024K, 21 young (21504K), 2 survivors (2048K)
 Metaspace       used 29282K, committed 29568K, reserved 1114112K
  class space    used 2928K, committed 3072K, reserved 1048576K
}
Event: 5118.593 GC heap after
{Heap after GC invocations=139 (full 0):
 garbage-first heap   total reserved 2002944K, committed 51200K, used 26118K [0x0000000085c00000, 0x0000000100000000)
  region size 1024K, 2 young (2048K), 2 survivors (2048K)
 Metaspace       used 29282K, committed 29568K, reserved 1114112K
  class space    used 2928K, committed 3072K, reserved 1048576K
}
Event: 7338.192 GC heap before
{Heap before GC invocations=139 (full 0):
 garbage-first heap   total reserved 2002944K, committed 51200K, used 45574K [0x0000000085c00000, 0x0000000100000000)
  region size 1024K, 21 young (21504K), 2 survivors (2048K)
 Metaspace       used 29338K, committed 29568K, reserved 1114112K
  class space    used 2928K, committed 3072K, reserved 1048576K
}
Event: 7338.196 GC heap after
{Heap after GC invocations=140 (full 0):
 garbage-first heap   total reserved 2002944K, committed 51200K, used 26335K [0x0000000085c00000, 0x0000000100000000)
  region size 1024K, 2 young (2048K), 2 survivors (2048K)
 Metaspace       used 29338K, committed 29568K, reserved 1114112K
  class space    used 2928K, committed 3072K, reserved 1048576K
}
Event: 7433.527 GC heap before
{Heap before GC invocations=141 (full 0):
 garbage-first heap   total reserved 2002944K, committed 51200K, used 44767K [0x0000000085c00000, 0x0000000100000000)
  region size 1024K, 20 young (20480K), 2 survivors (2048K)
 Metaspace       used 29329K, committed 29568K, reserved 1114112K
  class space    used 2926K, committed 3072K, reserved 1048576K
}
Event: 7433.530 GC heap after
{Heap after GC invocations=142 (full 0):
 garbage-first heap   total reserved 2002944K, committed 51200K, used 25733K [0x0000000085c00000, 0x0000000100000000)
  region size 1024K, 1 young (1024K), 1 survivors (1024K)
 Metaspace       used 29329K, committed 29568K, reserved 1114112K
  class space    used 2926K, committed 3072K, reserved 1048576K
}
Event: 7540.175 GC heap before
{Heap before GC invocations=142 (full 0):
 garbage-first heap   total reserved 2002944K, committed 51200K, used 46213K [0x0000000085c00000, 0x0000000100000000)
  region size 1024K, 21 young (21504K), 1 survivors (1024K)
 Metaspace       used 29329K, committed 29568K, reserved 1114112K
  class space    used 2926K, committed 3072K, reserved 1048576K
}
Event: 7540.183 GC heap after
{Heap after GC invocations=143 (full 0):
 garbage-first heap   total reserved 2002944K, committed 51200K, used 25608K [0x0000000085c00000, 0x0000000100000000)
  region size 1024K, 1 young (1024K), 1 survivors (1024K)
 Metaspace       used 29329K, committed 29568K, reserved 1114112K
  class space    used 2926K, committed 3072K, reserved 1048576K
}
Event: 7547.947 GC heap before
{Heap before GC invocations=143 (full 0):
 garbage-first heap   total reserved 2002944K, committed 51200K, used 27656K [0x0000000085c00000, 0x0000000100000000)
  region size 1024K, 4 young (4096K), 1 survivors (1024K)
 Metaspace       used 29401K, committed 29632K, reserved 1114112K
  class space    used 2935K, committed 3072K, reserved 1048576K
}
Event: 7547.948 GC heap after
{Heap after GC invocations=144 (full 0):
 garbage-first heap   total reserved 2002944K, committed 51200K, used 26355K [0x0000000085c00000, 0x0000000100000000)
  region size 1024K, 2 young (2048K), 2 survivors (2048K)
 Metaspace       used 29401K, committed 29632K, reserved 1114112K
  class space    used 2935K, committed 3072K, reserved 1048576K
}

Dll operation events (12 events):
Event: 0.008 Loaded shared library C:\Program Files\Java\jdk-23\bin\java.dll
Event: 0.042 Loaded shared library C:\Program Files\Java\jdk-23\bin\jsvml.dll
Event: 0.075 Loaded shared library C:\Program Files\Java\jdk-23\bin\jimage.dll
Event: 0.078 Loaded shared library C:\Program Files\Java\jdk-23\bin\net.dll
Event: 0.079 Loaded shared library C:\Program Files\Java\jdk-23\bin\nio.dll
Event: 0.082 Loaded shared library C:\Program Files\Java\jdk-23\bin\zip.dll
Event: 0.102 Loaded shared library C:\Program Files\Java\jdk-23\bin\awt.dll
Event: 0.173 Loaded shared library C:\Program Files\Java\jdk-23\bin\freetype.dll
Event: 0.173 Loaded shared library C:\Program Files\Java\jdk-23\bin\fontmanager.dll
Event: 7.379 Loaded shared library C:\Users\ADMIN\AppData\Local\Temp\jna-62130991\jna651174692790729361.dll
Event: 7.486 Loaded shared library C:\Program Files\Java\jdk-23\bin\extnet.dll
Event: 7.641 Loaded shared library C:\Program Files\Java\jdk-23\bin\sunmscapi.dll

Deoptimization events (20 events):
Event: 7548.005 Thread 0x000001a78507e020 Uncommon trap: trap_request=0xffffff45 fr.pc=0x000001a732b8ce04 relative=0x0000000000002904
Event: 7548.005 Thread 0x000001a78507e020 Uncommon trap: reason=unstable_if action=reinterpret pc=0x000001a732b8ce04 method=sun.java2d.marlin.MarlinTileGenerator.getAlphaRLE([BII)V @ 141 c2
Event: 7548.005 Thread 0x000001a78507e020 DEOPT PACKING pc=0x000001a732b8ce04 sp=0x00000026171fd780
Event: 7548.005 Thread 0x000001a78507e020 DEOPT UNPACKING pc=0x000001a732574402 sp=0x00000026171fd620 mode 2
Event: 7548.007 Thread 0x000001a78507e020 Uncommon trap: trap_request=0xffffff45 fr.pc=0x000001a732ed2ba4 relative=0x0000000000000104
Event: 7548.007 Thread 0x000001a78507e020 Uncommon trap: reason=unstable_if action=reinterpret pc=0x000001a732ed2ba4 method=sun.java2d.SunGraphics2D.drawImage(Ljava/awt/Image;IILjava/awt/Color;Ljava/awt/image/ImageObserver;)Z @ 50 c2
Event: 7548.007 Thread 0x000001a78507e020 DEOPT PACKING pc=0x000001a732ed2ba4 sp=0x00000026171fd850
Event: 7548.007 Thread 0x000001a78507e020 DEOPT UNPACKING pc=0x000001a732574402 sp=0x00000026171fd758 mode 2
Event: 7548.018 Thread 0x000001a78507e020 Uncommon trap: trap_request=0xffffff45 fr.pc=0x000001a732f3ad64 relative=0x0000000000000c04
Event: 7548.018 Thread 0x000001a78507e020 Uncommon trap: reason=unstable_if action=reinterpret pc=0x000001a732f3ad64 method=sun.font.FontStrikeDesc.equals(Ljava/lang/Object;)Z @ 13 c2
Event: 7548.018 Thread 0x000001a78507e020 DEOPT PACKING pc=0x000001a732f3ad64 sp=0x00000026171fdaa0
Event: 7548.018 Thread 0x000001a78507e020 DEOPT UNPACKING pc=0x000001a732574402 sp=0x00000026171fda10 mode 2
Event: 7548.018 Thread 0x000001a78507e020 Uncommon trap: trap_request=0xffffff45 fr.pc=0x000001a732fe8254 relative=0x0000000000000694
Event: 7548.018 Thread 0x000001a78507e020 Uncommon trap: reason=unstable_if action=reinterpret pc=0x000001a732fe8254 method=sun.font.FontStrikeDesc.equals(Ljava/lang/Object;)Z @ 13 c2
Event: 7548.018 Thread 0x000001a78507e020 DEOPT PACKING pc=0x000001a732fe8254 sp=0x00000026171fda60
Event: 7548.018 Thread 0x000001a78507e020 DEOPT UNPACKING pc=0x000001a732574402 sp=0x00000026171fda10 mode 2
Event: 7548.054 Thread 0x000001a78507e020 Uncommon trap: trap_request=0xffffff45 fr.pc=0x000001a732dc03a4 relative=0x0000000000000404
Event: 7548.054 Thread 0x000001a78507e020 Uncommon trap: reason=unstable_if action=reinterpret pc=0x000001a732dc03a4 method=sun.font.CompositeGlyphMapper.charsToGlyphsNS(I[C[I)Z @ 121 c2
Event: 7548.054 Thread 0x000001a78507e020 DEOPT PACKING pc=0x000001a732dc03a4 sp=0x00000026171fda20
Event: 7548.054 Thread 0x000001a78507e020 DEOPT UNPACKING pc=0x000001a732574402 sp=0x00000026171fd9b0 mode 2

Classes loaded (20 events):
Event: 5068.948 Loading class java/awt/Component$BaselineResizeBehavior
Event: 5068.948 Loading class java/awt/Component$BaselineResizeBehavior done
Event: 5068.949 Loading class javax/swing/GroupLayout$1
Event: 5068.949 Loading class javax/swing/GroupLayout$1 done
Event: 7547.273 Loading class java/util/WeakHashMap$KeyIterator
Event: 7547.274 Loading class java/util/WeakHashMap$HashIterator
Event: 7547.274 Loading class java/util/WeakHashMap$HashIterator done
Event: 7547.274 Loading class java/util/WeakHashMap$KeyIterator done
Event: 7547.274 Loading class javax/swing/RepaintManager$DisplayChangedRunnable
Event: 7547.275 Loading class javax/swing/RepaintManager$DisplayChangedRunnable done
Event: 7547.279 Loading class java/awt/IllegalComponentStateException
Event: 7547.279 Loading class java/awt/IllegalComponentStateException done
Event: 7547.280 Loading class java/lang/Throwable$WrappedPrintStream
Event: 7547.280 Loading class java/lang/Throwable$PrintStreamOrWriter
Event: 7547.280 Loading class java/lang/Throwable$PrintStreamOrWriter done
Event: 7547.280 Loading class java/lang/Throwable$WrappedPrintStream done
Event: 7547.282 Loading class java/awt/AWTError
Event: 7547.282 Loading class java/awt/AWTError done
Event: 7547.889 Loading class java/awt/AWTException
Event: 7547.890 Loading class java/awt/AWTException done

Classes unloaded (20 events):
Event: 1981.798 Thread 0x000001a73f7faaf0 Unloading class 0x000001a741008800 'java/lang/invoke/LambdaForm$MH+0x000001a741008800'
Event: 1981.798 Thread 0x000001a73f7faaf0 Unloading class 0x000001a741008000 'java/lang/invoke/LambdaForm$MH+0x000001a741008000'
Event: 1981.798 Thread 0x000001a73f7faaf0 Unloading class 0x000001a741007c00 'java/lang/invoke/LambdaForm$MH+0x000001a741007c00'
Event: 1981.798 Thread 0x000001a73f7faaf0 Unloading class 0x000001a741007800 'java/lang/invoke/LambdaForm$MH+0x000001a741007800'
Event: 1981.798 Thread 0x000001a73f7faaf0 Unloading class 0x000001a741007400 'java/lang/invoke/LambdaForm$MH+0x000001a741007400'
Event: 1981.798 Thread 0x000001a73f7faaf0 Unloading class 0x000001a741006800 'java/lang/invoke/LambdaForm$MH+0x000001a741006800'
Event: 1981.798 Thread 0x000001a73f7faaf0 Unloading class 0x000001a741006400 'java/lang/invoke/LambdaForm$MH+0x000001a741006400'
Event: 1981.798 Thread 0x000001a73f7faaf0 Unloading class 0x000001a741006000 'java/lang/invoke/LambdaForm$MH+0x000001a741006000'
Event: 1981.798 Thread 0x000001a73f7faaf0 Unloading class 0x000001a741004c00 'java/lang/invoke/LambdaForm$MH+0x000001a741004c00'
Event: 1981.798 Thread 0x000001a73f7faaf0 Unloading class 0x000001a741000400 'java/lang/invoke/LambdaForm$MH+0x000001a741000400'
Event: 2553.010 Thread 0x000001a73f7faaf0 Unloading class 0x000001a741112400 'java/lang/invoke/LambdaForm$MH+0x000001a741112400'
Event: 2553.010 Thread 0x000001a73f7faaf0 Unloading class 0x000001a741005800 'java/lang/invoke/LambdaForm$MH+0x000001a741005800'
Event: 2553.010 Thread 0x000001a73f7faaf0 Unloading class 0x000001a741004800 'java/lang/invoke/LambdaForm$MH+0x000001a741004800'
Event: 2553.010 Thread 0x000001a73f7faaf0 Unloading class 0x000001a741004000 'java/lang/invoke/LambdaForm$MH+0x000001a741004000'
Event: 2553.010 Thread 0x000001a73f7faaf0 Unloading class 0x000001a741001800 'java/lang/invoke/LambdaForm$MH+0x000001a741001800'
Event: 2553.010 Thread 0x000001a73f7faaf0 Unloading class 0x000001a741000c00 'java/lang/invoke/LambdaForm$MH+0x000001a741000c00'
Event: 7338.203 Thread 0x000001a73f7faaf0 Unloading class 0x000001a7412c3000 'java/lang/invoke/LambdaForm$DMH+0x000001a7412c3000'
Event: 7338.204 Thread 0x000001a73f7faaf0 Unloading class 0x000001a7412c2c00 'java/lang/invoke/LambdaForm$MH+0x000001a7412c2c00'
Event: 7338.204 Thread 0x000001a73f7faaf0 Unloading class 0x000001a7412c1c00 'java/lang/invoke/LambdaForm$MH+0x000001a7412c1c00'
Event: 7547.960 Thread 0x000001a73f7faaf0 Unloading class 0x000001a741112400 'java/lang/invoke/LambdaForm$MH+0x000001a741112400'

Classes redefined (0 events):
No events

Internal exceptions (20 events):
Event: 3213.245 Thread 0x000001a78507e020 Implicit null exception at 0x000001a732e47852 to 0x000001a732e47b98
Event: 3213.246 Thread 0x000001a78507e020 Implicit null exception at 0x000001a732d3b6ef to 0x000001a732d3d9ac
Event: 3427.025 Thread 0x000001a78507e020 Exception <a 'java/io/IOException'{0x000000008d7fb3c8}> (0x000000008d7fb3c8) 
thrown [s\open\src\hotspot\share\prims\jni.cpp, line 520]
Event: 3490.322 Thread 0x000001a78507e020 Exception <a 'java/net/SocketException'{0x00000000884e0c00}: Connection reset by peer: shutdown> (0x00000000884e0c00) 
thrown [s\open\src\hotspot\share\prims\jni.cpp, line 539]
Event: 3500.625 Thread 0x000001a78507e020 Exception <a 'java/net/SocketException'{0x00000000fffb6b28}: Connection reset by peer: shutdown> (0x00000000fffb6b28) 
thrown [s\open\src\hotspot\share\prims\jni.cpp, line 539]
Event: 3704.986 Thread 0x000001a78507e020 Implicit null exception at 0x000001a732e562e1 to 0x000001a732e563c8
Event: 4662.466 Thread 0x000001a78507e020 Implicit null exception at 0x000001a732d43fea to 0x000001a732d4ba68
Event: 7547.266 Thread 0x000001a78507e020 Implicit null exception at 0x000001a732fb3e33 to 0x000001a732fb4204
Event: 7547.270 Thread 0x000001a78507e020 Implicit null exception at 0x000001a732cbb994 to 0x000001a732cbc9b8
Event: 7547.270 Thread 0x000001a78507e020 Implicit null exception at 0x000001a732ee50c6 to 0x000001a732eeb4cc
Event: 7547.271 Thread 0x000001a78507e020 Implicit null exception at 0x000001a732ef1094 to 0x000001a732ef7888
Event: 7547.272 Thread 0x000001a78507e020 Exception <a 'sun/java2d/InvalidPipeException'{0x00000000ffeeb4f8}: GDIWindowSurfaceData: bounds changed> (0x00000000ffeeb4f8) 
thrown [s\open\src\hotspot\share\prims\jni.cpp, line 539]
Event: 7547.273 Thread 0x000001a78507e020 Exception <a 'sun/java2d/InvalidPipeException'{0x00000000ffeebad0}: GDIWindowSurfaceData: bounds changed> (0x00000000ffeebad0) 
thrown [s\open\src\hotspot\share\prims\jni.cpp, line 539]
Event: 7547.273 Thread 0x000001a78507e020 Exception <a 'sun/java2d/InvalidPipeException'{0x00000000ffeec1c0}: GDIWindowSurfaceData: bounds changed> (0x00000000ffeec1c0) 
thrown [s\open\src\hotspot\share\prims\jni.cpp, line 539]
Event: 7547.273 Thread 0x000001a78507e020 Exception <a 'sun/java2d/InvalidPipeException'{0x00000000ffeec868}: GDIWindowSurfaceData: bounds changed> (0x00000000ffeec868) 
thrown [s\open\src\hotspot\share\prims\jni.cpp, line 539]
Event: 7547.273 Thread 0x000001a78507e020 Exception <a 'sun/java2d/InvalidPipeException'{0x00000000ffeece40}: GDIWindowSurfaceData: bounds changed> (0x00000000ffeece40) 
thrown [s\open\src\hotspot\share\prims\jni.cpp, line 539]
Event: 7547.273 Thread 0x000001a78507e020 Exception <a 'sun/java2d/InvalidPipeException'{0x00000000ffeed4f0}: GDIWindowSurfaceData: bounds changed> (0x00000000ffeed4f0) 
thrown [s\open\src\hotspot\share\prims\jni.cpp, line 539]
Event: 7547.888 Thread 0x000001a78507e020 Implicit null exception at 0x000001a732d58a7e to 0x000001a732d5d598
Event: 7547.995 Thread 0x000001a78507e020 Implicit null exception at 0x000001a732d55083 to 0x000001a732d55b58
Event: 7548.007 Thread 0x000001a78507e020 Implicit null exception at 0x000001a732ed2b3b to 0x000001a732ed2b94

VM Operations (20 events):
Event: 7336.749 Executing VM operation: HandshakeAllThreads (HandshakeForDeflation)
Event: 7336.749 Executing VM operation: HandshakeAllThreads (HandshakeForDeflation) done
Event: 7336.749 Executing VM operation: RendezvousGCThreads
Event: 7336.749 Executing VM operation: RendezvousGCThreads done
Event: 7338.192 Executing VM operation: G1CollectForAllocation (G1 Evacuation Pause)
Event: 7338.196 Executing VM operation: G1CollectForAllocation (G1 Evacuation Pause) done
Event: 7338.203 Executing VM operation: G1PauseRemark
Event: 7338.217 Executing VM operation: G1PauseRemark done
Event: 7338.220 Executing VM operation: G1PauseCleanup
Event: 7338.220 Executing VM operation: G1PauseCleanup done
Event: 7433.527 Executing VM operation: G1CollectForAllocation (G1 Evacuation Pause)
Event: 7433.530 Executing VM operation: G1CollectForAllocation (G1 Evacuation Pause) done
Event: 7540.175 Executing VM operation: G1CollectForAllocation (G1 Evacuation Pause)
Event: 7540.183 Executing VM operation: G1CollectForAllocation (G1 Evacuation Pause) done
Event: 7547.947 Executing VM operation: G1TryInitiateConcMark (G1 Humongous Allocation)
Event: 7547.948 Executing VM operation: G1TryInitiateConcMark (G1 Humongous Allocation) done
Event: 7547.959 Executing VM operation: G1PauseRemark
Event: 7547.970 Executing VM operation: G1PauseRemark done
Event: 7547.975 Executing VM operation: G1PauseCleanup
Event: 7547.975 Executing VM operation: G1PauseCleanup done

Memory protections (0 events):
No events

Nmethod flushes (20 events):
Event: 7547.967 Thread 0x000001a73f7faaf0 flushing  nmethod 0x000001a72b006308
Event: 7547.967 Thread 0x000001a73f7faaf0 flushing  nmethod 0x000001a72b0d1088
Event: 7547.967 Thread 0x000001a73f7faaf0 flushing  nmethod 0x000001a72b3db988
Event: 7547.967 Thread 0x000001a73f7faaf0 flushing  nmethod 0x000001a72b71f408
Event: 7547.967 Thread 0x000001a73f7faaf0 flushing  nmethod 0x000001a72b864708
Event: 7547.967 Thread 0x000001a73f7faaf0 flushing  nmethod 0x000001a72b5bb208
Event: 7547.967 Thread 0x000001a73f7faaf0 flushing  nmethod 0x000001a72b813588
Event: 7547.967 Thread 0x000001a73f7faaf0 flushing  nmethod 0x000001a732e59d88
Event: 7547.967 Thread 0x000001a73f7faaf0 flushing  nmethod 0x000001a732ea7d88
Event: 7547.967 Thread 0x000001a73f7faaf0 flushing  nmethod 0x000001a732ea9a88
Event: 7547.967 Thread 0x000001a73f7faaf0 flushing  nmethod 0x000001a732eab708
Event: 7547.967 Thread 0x000001a73f7faaf0 flushing  nmethod 0x000001a732eac088
Event: 7547.967 Thread 0x000001a73f7faaf0 flushing  nmethod 0x000001a72b111508
Event: 7547.967 Thread 0x000001a73f7faaf0 flushing  nmethod 0x000001a72b658d88
Event: 7547.967 Thread 0x000001a73f7faaf0 flushing  nmethod 0x000001a72b790188
Event: 7547.967 Thread 0x000001a73f7faaf0 flushing  nmethod 0x000001a72b858108
Event: 7547.967 Thread 0x000001a73f7faaf0 flushing  nmethod 0x000001a732e11708
Event: 7547.967 Thread 0x000001a73f7faaf0 flushing  nmethod 0x000001a72b7c8e88
Event: 7547.967 Thread 0x000001a73f7faaf0 flushing  nmethod 0x000001a72b7c9708
Event: 7547.967 Thread 0x000001a73f7faaf0 flushing  nmethod 0x000001a72b7cbc08

Events (20 events):
Event: 1782.485 Thread 0x000001a7889a4ec0 Thread exited: 0x000001a7889a4ec0
Event: 1893.120 Thread 0x000001a73f81e240 Thread added: 0x000001a788859720
Event: 1893.122 Thread 0x000001a78507e020 Thread added: 0x000001a7878eeb40
Event: 1893.122 Thread 0x000001a7878eeb40 Thread exited: 0x000001a7878eeb40
Event: 1893.327 Thread 0x000001a788859720 Thread exited: 0x000001a788859720
Event: 1893.329 Thread 0x000001a78507e020 Thread added: 0x000001a7878eeb40
Event: 1903.368 Thread 0x000001a7878eeb40 Thread exited: 0x000001a7878eeb40
Event: 2381.360 Thread 0x000001a73f81d660 Thread added: 0x000001a787314450
Event: 2385.733 Thread 0x000001a787314450 Thread exited: 0x000001a787314450
Event: 3704.996 Thread 0x000001a78507e020 Thread added: 0x000001a7878ebd50
Event: 3704.997 Thread 0x000001a7878ebd50 Thread exited: 0x000001a7878ebd50
Event: 3705.223 Thread 0x000001a78507e020 Thread added: 0x000001a7878ebd50
Event: 3715.258 Thread 0x000001a7878ebd50 Thread exited: 0x000001a7878ebd50
Event: 5070.987 Thread 0x000001a73f81d660 Thread added: 0x000001a787904240
Event: 5072.868 Thread 0x000001a787904240 Thread exited: 0x000001a787904240
Event: 7293.285 Thread 0x000001a78507e020 Thread added: 0x000001a7878ec3e0
Event: 7293.285 Thread 0x000001a7878ec3e0 Thread exited: 0x000001a7878ec3e0
Event: 7293.521 Thread 0x000001a78507e020 Thread added: 0x000001a7878ebd50
Event: 7303.543 Thread 0x000001a7878ebd50 Thread exited: 0x000001a7878ebd50
Event: 7548.010 Thread 0x000001a73f81d660 Thread added: 0x000001a787900bc0


Dynamic libraries:
0x00007ff633030000 - 0x00007ff633040000 	C:\Program Files\Java\jdk-23\bin\java.exe
0x00007ffb9a440000 - 0x00007ffb9a6a3000 	C:\WINDOWS\SYSTEM32\ntdll.dll
0x00007ffb982b0000 - 0x00007ffb98377000 	C:\WINDOWS\System32\KERNEL32.DLL
0x00007ffb97ad0000 - 0x00007ffb97e97000 	C:\WINDOWS\System32\KERNELBASE.dll
0x00007ffb98130000 - 0x00007ffb9827c000 	C:\WINDOWS\System32\ucrtbase.dll
0x00007ffb36a80000 - 0x00007ffb36a97000 	C:\Program Files\Java\jdk-23\bin\jli.dll
0x00007ffb5adb0000 - 0x00007ffb5adcb000 	C:\Program Files\Java\jdk-23\bin\VCRUNTIME140.dll
0x00007ffb99e60000 - 0x00007ffb9a029000 	C:\WINDOWS\System32\USER32.dll
0x00007ffb98100000 - 0x00007ffb98127000 	C:\WINDOWS\System32\win32u.dll
0x00007ffb98280000 - 0x00007ffb982aa000 	C:\WINDOWS\System32\GDI32.dll
0x00007ffb80b70000 - 0x00007ffb80e00000 	C:\WINDOWS\WinSxS\amd64_microsoft.windows.common-controls_6595b64144ccf1df_6.0.26100.3037_none_3e09262ce333c378\COMCTL32.dll
0x00007ffb97fd0000 - 0x00007ffb980fb000 	C:\WINDOWS\System32\gdi32full.dll
0x00007ffb977e0000 - 0x00007ffb97883000 	C:\WINDOWS\System32\msvcp_win.dll
0x00007ffb9a030000 - 0x00007ffb9a0d9000 	C:\WINDOWS\System32\msvcrt.dll
0x00007ffb989c0000 - 0x00007ffb989ef000 	C:\WINDOWS\System32\IMM32.DLL
0x00007ffb87c30000 - 0x00007ffb87c3c000 	C:\Program Files\Java\jdk-23\bin\vcruntime140_1.dll
0x00007ffb3ac00000 - 0x00007ffb3ac8e000 	C:\Program Files\Java\jdk-23\bin\msvcp140.dll
0x00007ffb1a4d0000 - 0x00007ffb1b220000 	C:\Program Files\Java\jdk-23\bin\server\jvm.dll
0x00007ffb99b90000 - 0x00007ffb99c44000 	C:\WINDOWS\System32\ADVAPI32.dll
0x00007ffb99c50000 - 0x00007ffb99cf6000 	C:\WINDOWS\System32\sechost.dll
0x00007ffb98f10000 - 0x00007ffb99026000 	C:\WINDOWS\System32\RPCRT4.dll
0x00007ffb9a270000 - 0x00007ffb9a2e4000 	C:\WINDOWS\System32\WS2_32.dll
0x00007ffb97670000 - 0x00007ffb976be000 	C:\WINDOWS\SYSTEM32\POWRPROF.dll
0x00007ffb8fb40000 - 0x00007ffb8fb76000 	C:\WINDOWS\SYSTEM32\WINMM.dll
0x00007ffb87140000 - 0x00007ffb8714b000 	C:\WINDOWS\SYSTEM32\VERSION.dll
0x00007ffb97650000 - 0x00007ffb97664000 	C:\WINDOWS\SYSTEM32\UMPDC.dll
0x00007ffb96580000 - 0x00007ffb9659a000 	C:\WINDOWS\SYSTEM32\kernel.appcore.dll
0x00007ffb87c20000 - 0x00007ffb87c2a000 	C:\Program Files\Java\jdk-23\bin\jimage.dll
0x00007ffb94ef0000 - 0x00007ffb95131000 	C:\WINDOWS\SYSTEM32\DBGHELP.DLL
0x00007ffb98380000 - 0x00007ffb986fe000 	C:\WINDOWS\System32\combase.dll
0x00007ffb99030000 - 0x00007ffb99106000 	C:\WINDOWS\System32\OLEAUT32.dll
0x00007ffb7e430000 - 0x00007ffb7e469000 	C:\WINDOWS\SYSTEM32\dbgcore.DLL
0x00007ffb97ea0000 - 0x00007ffb97f39000 	C:\WINDOWS\System32\bcryptPrimitives.dll
0x00007ffb3adb0000 - 0x00007ffb3adce000 	C:\Program Files\Java\jdk-23\bin\java.dll
0x00007ffb999d0000 - 0x00007ffb99b65000 	C:\WINDOWS\System32\ole32.dll
0x00007ffb99210000 - 0x00007ffb99914000 	C:\WINDOWS\System32\SHELL32.dll
0x00007ffb954a0000 - 0x00007ffb95cd7000 	C:\WINDOWS\SYSTEM32\windows.storage.dll
0x00007ffb99d00000 - 0x00007ffb99de9000 	C:\WINDOWS\System32\SHCORE.dll
0x00007ffb988e0000 - 0x00007ffb9893d000 	C:\WINDOWS\System32\shlwapi.dll
0x00007ffb976f0000 - 0x00007ffb9771e000 	C:\WINDOWS\SYSTEM32\profapi.dll
0x00007ffb3acd0000 - 0x00007ffb3ada7000 	C:\Program Files\Java\jdk-23\bin\jsvml.dll
0x00007ffb6f570000 - 0x00007ffb6f580000 	C:\Program Files\Java\jdk-23\bin\net.dll
0x00007ffb96b20000 - 0x00007ffb96b8a000 	C:\WINDOWS\system32\mswsock.dll
0x00007ffb3acb0000 - 0x00007ffb3acc6000 	C:\Program Files\Java\jdk-23\bin\nio.dll
0x00007ffb3ac90000 - 0x00007ffb3aca7000 	C:\Program Files\Java\jdk-23\bin\zip.dll
0x00007ffb1a340000 - 0x00007ffb1a4ce000 	C:\Program Files\Java\jdk-23\bin\awt.dll
0x00007ffb93d60000 - 0x00007ffb93dfc000 	C:\WINDOWS\SYSTEM32\apphelp.dll
0x00007ffb949f0000 - 0x00007ffb94a9d000 	C:\WINDOWS\system32\uxtheme.dll
0x00007ffb9a110000 - 0x00007ffb9a26c000 	C:\WINDOWS\System32\MSCTF.dll
0x00007ffb94ce0000 - 0x00007ffb94d0e000 	C:\WINDOWS\system32\DWMAPI.DLL
0x00007ffb1a1a0000 - 0x00007ffb1a227000 	C:\Program Files\Java\jdk-23\bin\freetype.dll
0x00007ffb1a0c0000 - 0x00007ffb1a197000 	C:\Program Files\Java\jdk-23\bin\fontmanager.dll
0x00007ffb1a230000 - 0x00007ffb1a33c000 	C:\WINDOWS\system32\opengl32.dll
0x00007ffb3abd0000 - 0x00007ffb3abfd000 	C:\WINDOWS\SYSTEM32\GLU32.dll
0x00007ffb94ae0000 - 0x00007ffb94b27000 	C:\WINDOWS\SYSTEM32\dxcore.dll
0x00007ffb99920000 - 0x00007ffb999c8000 	C:\WINDOWS\System32\clbcatq.dll
0x00007ffb944c0000 - 0x00007ffb946ee000 	C:\WINDOWS\SYSTEM32\WindowsCodecs.dll
0x00007ffb60660000 - 0x00007ffb606ba000 	C:\WINDOWS\system32\dataexchange.dll
0x00007ffb8b040000 - 0x00007ffb8b278000 	C:\WINDOWS\system32\twinapi.appcore.dll
0x00007ffb6aa70000 - 0x00007ffb6abb6000 	C:\WINDOWS\SYSTEM32\textinputframework.dll
0x00007ffb93b80000 - 0x00007ffb93ca6000 	C:\WINDOWS\SYSTEM32\CoreMessaging.dll
0x00007ffb91bf0000 - 0x00007ffb91ed3000 	C:\WINDOWS\SYSTEM32\CoreUIComponents.dll
0x00007ffb91a80000 - 0x00007ffb91be8000 	C:\WINDOWS\SYSTEM32\wintypes.dll
0x00007ffb96de0000 - 0x00007ffb96dec000 	C:\WINDOWS\SYSTEM32\CRYPTBASE.DLL
0x00007ffb96dc0000 - 0x00007ffb96ddc000 	C:\WINDOWS\SYSTEM32\CRYPTSP.dll
0x00007ffb96540000 - 0x00007ffb96578000 	C:\WINDOWS\system32\rsaenh.dll
0x00007ffb96bc0000 - 0x00007ffb96beb000 	C:\WINDOWS\SYSTEM32\USERENV.dll
0x00007ffb96f90000 - 0x00007ffb96fb6000 	C:\WINDOWS\SYSTEM32\bcrypt.dll
0x00007ffb95ff0000 - 0x00007ffb96022000 	C:\WINDOWS\SYSTEM32\IPHLPAPI.DLL
0x00007ffb9a100000 - 0x00007ffb9a10a000 	C:\WINDOWS\System32\NSI.dll
0x00007ffb74af0000 - 0x00007ffb74b34000 	C:\Users\ADMIN\AppData\Local\Temp\jna-62130991\jna651174692790729361.dll
0x00007ffb99e50000 - 0x00007ffb99e58000 	C:\WINDOWS\System32\PSAPI.DLL
0x00007ffb96080000 - 0x00007ffb961a5000 	C:\WINDOWS\SYSTEM32\DNSAPI.dll
0x00007ffb84a40000 - 0x00007ffb84a4b000 	C:\Windows\System32\rasadhlp.dll
0x00007ffb85250000 - 0x00007ffb852d5000 	C:\WINDOWS\System32\fwpuclnt.dll
0x00007ffb61830000 - 0x00007ffb61839000 	C:\Program Files\Java\jdk-23\bin\extnet.dll
0x00007ffb93f60000 - 0x00007ffb93f6e000 	C:\Program Files\Java\jdk-23\bin\sunmscapi.dll
0x00007ffb97950000 - 0x00007ffb97ac6000 	C:\WINDOWS\System32\CRYPT32.dll
0x00007ffb96f50000 - 0x00007ffb96f80000 	C:\WINDOWS\SYSTEM32\ncrypt.dll
0x00007ffb96f00000 - 0x00007ffb96f3f000 	C:\WINDOWS\SYSTEM32\NTASN1.dll
0x00007ffb5a600000 - 0x00007ffb5a627000 	C:\Users\ADMIN\AppData\Local\Temp\jna-62130991\jna10906701065029687427.dll
0x00007ffb93cb0000 - 0x00007ffb93d5d000 	C:\WINDOWS\SYSTEM32\TextShaping.dll

dbghelp: loaded successfully - version: 4.0.5 - missing functions: none
symbol engine: initialized successfully - sym options: 0x614 - pdb path: .;C:\Program Files\Java\jdk-23\bin;C:\WINDOWS\SYSTEM32;C:\WINDOWS\WinSxS\amd64_microsoft.windows.common-controls_6595b64144ccf1df_6.0.26100.3037_none_3e09262ce333c378;C:\Program Files\Java\jdk-23\bin\server;C:\Users\ADMIN\AppData\Local\Temp\jna-62130991

VM Arguments:
jvm_args: --enable-preview 
java_command: ui.Login
java_class_path (initial): C:\Users\ADMIN\Desktop\DDDD\StockManagementABC\target\classes;C:\Users\ADMIN\.m2\repository\com\mysql\mysql-connector-j\8.0.33\mysql-connector-j-8.0.33.jar;C:\Users\ADMIN\.m2\repository\com\google\protobuf\protobuf-java\3.21.9\protobuf-java-3.21.9.jar;C:\Users\ADMIN\.m2\repository\org\netbeans\external\AbsoluteLayout\RELEASE230\AbsoluteLayout-RELEASE230.jar;C:\Users\ADMIN\.m2\repository\org\jfree\jfreechart\1.5.3\jfreechart-1.5.3.jar;C:\Users\ADMIN\.m2\repository\org\apache\poi\poi\5.2.3\poi-5.2.3.jar;C:\Users\ADMIN\.m2\repository\commons-codec\commons-codec\1.15\commons-codec-1.15.jar;C:\Users\ADMIN\.m2\repository\org\apache\commons\commons-collections4\4.4\commons-collections4-4.4.jar;C:\Users\ADMIN\.m2\repository\org\apache\commons\commons-math3\3.6.1\commons-math3-3.6.1.jar;C:\Users\ADMIN\.m2\repository\commons-io\commons-io\2.11.0\commons-io-2.11.0.jar;C:\Users\ADMIN\.m2\repository\com\zaxxer\SparseBitSet\1.2\SparseBitSet-1.2.jar;C:\Users\ADMIN\.m2\repository\org\apache\logging\log4j\log4j-api\2.18.0\log4j-api-2.18.0.jar;C:\Users\ADMIN\.m2\repository\org\apache\poi\poi-ooxml\5.2.3\poi-ooxml-5.2.3.jar;C:\Users\ADMIN\.m2\repository\org\apache\poi\poi-ooxml-lite\5.2.3\poi-ooxml-lite-5.2.3.jar;C:\Users\ADMIN\.m2\repository\org\apache\commons\commons-compress\1.21\commons-compress-1.21.jar;C:\Users\ADMIN\.m2\repository\com\github\virtuald\curvesapi\1.07\curvesapi-1.07.jar;C:\Users\ADMIN\.m2\repository\org\apache\poi\poi-ooxml-schemas\4.1.2\poi-ooxml-schemas-4.1.2.jar;C:\Users\ADMIN\.m2\repository\org\apache\xmlbeans\xmlbeans\5.1.1\xmlbeans-5.1.1.jar;C:\Users\ADMIN\.m2\repository\com\sun\mail\javax.mail\1.6.2\javax.mail-1.6.2.jar;C:\Users\ADMIN\.m2\repository\javax\activation\activation\1.1\activation-1.1.jar;C:\Users\ADMIN\.m2\repository\org\json\json\20231013\json-20231013.jar;C:\Users\ADMIN\.m2\repository\com\toedter\jcalendar\1.4\jcalendar-1.4.jar;C:\Users\ADMIN\.m2\repository\de\mkammerer\argon2-jvm\2.11\argon2-jvm-2.11.jar;C:\Users\ADMIN\.m2\repository\de\mkammerer\argon2-jvm-nolibs\2.11\argon2-jvm-nolibs-2.11.jar;C:\Users\ADMIN\.m2\repository\net\java\dev\jna\jna\5.8.0\jna-5.8.0.jar
Launcher Type: SUN_STANDARD

[Global flags]
     intx CICompilerCount                          = 4                                         {product} {ergonomic}
     uint ConcGCThreads                            = 3                                         {product} {ergonomic}
     uint G1ConcRefinementThreads                  = 10                                        {product} {ergonomic}
   size_t G1HeapRegionSize                         = 1048576                                   {product} {ergonomic}
   size_t InitialHeapSize                          = 130023424                                 {product} {ergonomic}
   size_t MarkStackSize                            = 4194304                                   {product} {ergonomic}
   size_t MarkStackSizeMax                         = 536870912                                 {product} {ergonomic}
   size_t MaxHeapSize                              = 2051014656                                {product} {ergonomic}
   size_t MaxNewSize                               = 1229979648                                {product} {ergonomic}
   size_t MinHeapDeltaBytes                        = 1048576                                   {product} {ergonomic}
   size_t MinHeapSize                              = 8388608                                   {product} {ergonomic}
    uintx NonNMethodCodeHeapSize                   = 5832704                                {pd product} {ergonomic}
    uintx NonProfiledCodeHeapSize                  = 122945536                              {pd product} {ergonomic}
    uintx ProfiledCodeHeapSize                     = 122880000                              {pd product} {ergonomic}
    uintx ReservedCodeCacheSize                    = 251658240                              {pd product} {ergonomic}
     bool SegmentedCodeCache                       = true                                      {product} {ergonomic}
   size_t SoftMaxHeapSize                          = 2051014656                             {manageable} {ergonomic}
     bool UseCompressedOops                        = true                           {product lp64_product} {ergonomic}
     bool UseG1GC                                  = true                                      {product} {ergonomic}
     bool UseLargePagesIndividualAllocation        = false                                  {pd product} {ergonomic}

Logging:
Log output configuration:
 #0: stdout all=warning uptime,level,tags foldmultilines=false
 #1: stderr all=off uptime,level,tags foldmultilines=false

Environment Variables:
JAVA_HOME=C:\Program Files\Java\jdk-23
PATH=C:\Program Files\Common Files\Oracle\Java\javapath;C:\Program Files (x86)\Common Files\Oracle\Java\java8path;C:\Program Files (x86)\Common Files\Oracle\Java\javapath;C:\WINDOWS\system32;C:\WINDOWS;C:\WINDOWS\System32\Wbem;C:\WINDOWS\System32\WindowsPowerShell\v1.0\;C:\WINDOWS\System32\OpenSSH\;C:\Users\ADMIN\AppData\Local\Microsoft\WindowsApps;
USERNAME=ADMIN
OS=Windows_NT
PROCESSOR_IDENTIFIER=Intel64 Family 6 Model 186 Stepping 3, GenuineIntel
TMP=C:\Users\ADMIN\AppData\Local\Temp
TEMP=C:\Users\ADMIN\AppData\Local\Temp




Periodic native trim disabled

---------------  S Y S T E M  ---------------

OS:
 Windows 11 , 64 bit Build 26100 (10.0.26100.3037)
OS uptime: 0 days 2:12 hours
Hyper-V role detected

CPU: total 12 (initial active 12) (6 cores per cpu, 2 threads per core) family 6 model 186 stepping 3 microcode 0x410e, cx8, cmov, fxsr, ht, mmx, 3dnowpref, sse, sse2, sse3, ssse3, sse4.1, sse4.2, popcnt, lzcnt, tsc, tscinvbit, avx, avx2, aes, erms, clmul, bmi1, bmi2, adx, sha, fma, vzeroupper, clflush, clflushopt, clwb, hv, serialize, rdtscp, rdpid, fsrm, gfni, f16c, cet_ibt, cet_ss
Processor Information for processor 0
  Max Mhz: 1300, Current Mhz: 1300, Mhz Limit: 1300
Processor Information for processor 1
  Max Mhz: 1300, Current Mhz: 1300, Mhz Limit: 1300
Processor Information for processor 2
  Max Mhz: 1300, Current Mhz: 1300, Mhz Limit: 1300
Processor Information for processor 3
  Max Mhz: 1300, Current Mhz: 1300, Mhz Limit: 1300
Processor Information for processor 4
  Max Mhz: 1300, Current Mhz: 900, Mhz Limit: 897
Processor Information for processor 5
  Max Mhz: 1300, Current Mhz: 900, Mhz Limit: 897
Processor Information for processor 6
  Max Mhz: 1300, Current Mhz: 900, Mhz Limit: 897
Processor Information for processor 7
  Max Mhz: 1300, Current Mhz: 900, Mhz Limit: 897
Processor Information for processor 8
  Max Mhz: 1300, Current Mhz: 900, Mhz Limit: 897
Processor Information for processor 9
  Max Mhz: 1300, Current Mhz: 900, Mhz Limit: 897
Processor Information for processor 10
  Max Mhz: 1300, Current Mhz: 900, Mhz Limit: 897
Processor Information for processor 11
  Max Mhz: 1300, Current Mhz: 900, Mhz Limit: 897

Memory: 4k page, system-wide physical 7817M (2224M free)
TotalPageFile size 16521M (AvailPageFile size 9021M)
current process WorkingSet (physical memory assigned to process): 192M, peak: 222M
current process commit charge ("private bytes"): 291M, peak: 321M

vm_info: Java HotSpot(TM) 64-Bit Server VM (23.0.2+7-58) for windows-amd64 JRE (23.0.2+7-58), built on 2024-11-29T09:34:55Z with MS VC++ 17.6 (VS2022)

END.
